Determining if the pthread_create exist failed with the following output:
Change Dir: /home/robert/Documents/MPC/velodyne/CMakeFiles/CMakeTmp

Run Build Command:"/usr/bin/make" "cmTC_0fd26/fast"
/usr/bin/make -f CMakeFiles/cmTC_0fd26.dir/build.make CMakeFiles/cmTC_0fd26.dir/build
make[1]: Entering directory '/home/robert/Documents/MPC/velodyne/CMakeFiles/CMakeTmp'
Building C object CMakeFiles/cmTC_0fd26.dir/CheckSymbolExists.c.o
/usr/bin/cc     -o CMakeFiles/cmTC_0fd26.dir/CheckSymbolExists.c.o   -c /home/robert/Documents/MPC/velodyne/CMakeFiles/CMakeTmp/CheckSymbolExists.c
Linking C executable cmTC_0fd26
/usr/local/bin/cmake -E cmake_link_script CMakeFiles/cmTC_0fd26.dir/link.txt --verbose=1
/usr/bin/cc       CMakeFiles/cmTC_0fd26.dir/CheckSymbolExists.c.o  -o cmTC_0fd26 -rdynamic 
CMakeFiles/cmTC_0fd26.dir/CheckSymbolExists.c.o: In function `main':
CheckSymbolExists.c:(.text+0x16): undefined reference to `pthread_create'
collect2: error: ld returned 1 exit status
CMakeFiles/cmTC_0fd26.dir/build.make:97: recipe for target 'cmTC_0fd26' failed
make[1]: *** [cmTC_0fd26] Error 1
make[1]: Leaving directory '/home/robert/Documents/MPC/velodyne/CMakeFiles/CMakeTmp'
Makefile:126: recipe for target 'cmTC_0fd26/fast' failed
make: *** [cmTC_0fd26/fast] Error 2

File /home/robert/Documents/MPC/velodyne/CMakeFiles/CMakeTmp/CheckSymbolExists.c:
/* */
#include <pthread.h>

int main(int argc, char** argv)
{
  (void)argv;
#ifndef pthread_create
  return ((int*)(&pthread_create))[argc];
#else
  (void)argc;
  return 0;
#endif
}

Determining if the function pthread_create exists in the pthreads failed with the following output:
Change Dir: /home/robert/Documents/MPC/velodyne/CMakeFiles/CMakeTmp

Run Build Command:"/usr/bin/make" "cmTC_cfaf3/fast"
/usr/bin/make -f CMakeFiles/cmTC_cfaf3.dir/build.make CMakeFiles/cmTC_cfaf3.dir/build
make[1]: Entering directory '/home/robert/Documents/MPC/velodyne/CMakeFiles/CMakeTmp'
Building C object CMakeFiles/cmTC_cfaf3.dir/CheckFunctionExists.c.o
/usr/bin/cc    -DCHECK_FUNCTION_EXISTS=pthread_create   -o CMakeFiles/cmTC_cfaf3.dir/CheckFunctionExists.c.o   -c /usr/local/share/cmake-3.7/Modules/CheckFunctionExists.c
Linking C executable cmTC_cfaf3
/usr/local/bin/cmake -E cmake_link_script CMakeFiles/cmTC_cfaf3.dir/link.txt --verbose=1
/usr/bin/cc   -DCHECK_FUNCTION_EXISTS=pthread_create    CMakeFiles/cmTC_cfaf3.dir/CheckFunctionExists.c.o  -o cmTC_cfaf3 -rdynamic -lpthreads 
/usr/bin/ld: cannot find -lpthreads
collect2: error: ld returned 1 exit status
CMakeFiles/cmTC_cfaf3.dir/build.make:97: recipe for target 'cmTC_cfaf3' failed
make[1]: *** [cmTC_cfaf3] Error 1
make[1]: Leaving directory '/home/robert/Documents/MPC/velodyne/CMakeFiles/CMakeTmp'
Makefile:126: recipe for target 'cmTC_cfaf3/fast' failed
make: *** [cmTC_cfaf3/fast] Error 2


